Arguments: 
  C:\Program Files\nodejs\node.exe C:\Users\raicley_santana\AppData\Roaming\npm\node_modules\yarn\bin\yarn.js add react-native-elements

PATH: 
  C:\Program Files (x86)\Common Files\Oracle\Java\javapath;C:\Windows\system32;C:\Windows;C:\Windows\System32\Wbem;C:\Windows\System32\WindowsPowerShell\v1.0\;C:\Windows\System32\OpenSSH\;C:\Program Files\nodejs\;C:\ProgramData\chocolatey\bin;;C:\Program Files\Docker\Docker\resources\bin;C:\ProgramData\DockerDesktop\version-bin;C:\Users\raicley_santana\AppData\Local\Programs\Python\Python39\Scripts\;C:\Users\raicley_santana\AppData\Local\Programs\Python\Python39\;C:\Users\raicley_santana\AppData\Local\Microsoft\WindowsApps;;C:\Program Files\JetBrains\PhpStorm 2021.2.1\bin;;C:\Users\raicley_santana\AppData\Roaming\npm

Yarn version: 
  1.22.15

Node version: 
  14.17.6

Platform: 
  win32 x64

Trace: 
  Error: EPERM: operation not permitted, unlink 'C:\Users\raicley_santana\Projetos\React_Native\petvoce\node_modules\@babel\preset-typescript\lib'

npm manifest: 
  {
    "main": "node_modules/expo/AppEntry.js",
    "scripts": {
      "start": "expo start",
      "android": "expo start --android",
      "ios": "expo start --ios",
      "web": "expo start --web",
      "eject": "expo eject"
    },
    "dependencies": {
      "expo": "~42.0.1",
      "expo-status-bar": "~1.0.4",
      "react": "16.13.1",
      "react-dom": "16.13.1",
      "react-native": "https://github.com/expo/react-native/archive/sdk-42.0.0.tar.gz",
      "react-native-web": "~0.13.12"
    },
    "devDependencies": {
      "@babel/core": "^7.9.0"
    },
    "private": true
  }

yarn manifest: 
  No manifest

Lockfile: 
  No lockfile
